<?xml version="1.0" encoding="UTF-8"?>
<!-- Generated by org.testng.reporters.JUnitReportReporter -->
<testsuite hostname="HYDLPT1416" failures="0" tests="3" name="com.crm.qa.testcases.LoginPageTest" time="37.202" errors="0" timestamp="2021-08-16T22:00:45 IST" skipped="0">
  <testcase classname="com.crm.qa.testcases.LoginPageTest" name="loginPageTitleTest" time="9.826"/>
  <system-out/>
  <testcase classname="com.crm.qa.testcases.LoginPageTest" name="validateCRMImage" time="10.287"/>
  <system-out/>
  <testcase classname="com.crm.qa.testcases.LoginPageTest" name="loginTest" time="17.089"/>
  <system-out/>
</testsuite> <!-- com.crm.qa.testcases.LoginPageTest -->
