<?xml version="1.0" encoding="UTF-8"?>
<!-- Generated by org.testng.reporters.JUnitReportReporter -->
<testsuite hostname="HYDLPT1416" failures="0" tests="2" name="com.crm.qa.testcases.DealsPageTest" time="50.309" errors="0" timestamp="2021-08-12T23:34:29 IST" skipped="0">
  <testcase classname="com.crm.qa.testcases.DealsPageTest" name="validateDealsTextTest" time="25.920"/>
  <system-out/>
  <testcase classname="com.crm.qa.testcases.DealsPageTest" name="highlightnumberTest" time="24.389"/>
  <system-out/>
</testsuite> <!-- com.crm.qa.testcases.DealsPageTest -->
