<?xml version="1.0" encoding="UTF-8"?>
<!-- Generated by org.testng.reporters.JUnitReportReporter -->
<testsuite hostname="HYDLPT1416" failures="0" tests="4" name="com.crm.qa.testcases.HomePageTest" time="80.059" errors="0" timestamp="2021-08-16T22:00:45 IST" skipped="0">
  <testcase classname="com.crm.qa.testcases.HomePageTest" name="checkHomePageTitleTest" time="16.855"/>
  <system-out/>
  <testcase classname="com.crm.qa.testcases.HomePageTest" name="verifyUserNameLabelTest" time="17.193"/>
  <system-out/>
  <testcase classname="com.crm.qa.testcases.HomePageTest" name="clickOnContactsLinkTest" time="27.577"/>
  <system-out/>
  <testcase classname="com.crm.qa.testcases.HomePageTest" name="clickOnDealsLinkTest" time="18.434"/>
  <system-out/>
</testsuite> <!-- com.crm.qa.testcases.HomePageTest -->
